Running 10 UPF episodes, budget=6, offset=4, tag=run2

================================================================================
Episode 1/10  id=episode_4  room=living room
receptacles: ['bookshelf', 'coffee table', 'side table', 'side drawer', 'TV stand', 'sofa', 'storage basket']
seen_objects: ['portable e-reader', 'cordless table lamp', 'hardcover art book', 'hardcover travel guide', 'glass ornament', 'ceramic vase', 'rubber coaster set', 'foam exercise block', 'small flower vase', 'reading glasses case', 'old catalog', 'rolled puzzle mat']
unseen_objects: ['wireless headphones case', 'battery-powered diffuser', 'hardcover cookbook', 'rigid-cover photo album', 'porcelain photo frame', 'glass bud vase', 'foam kneeling pad', 'styrofoam craft box', 'open snack bowl', 'tea cup on saucer', 'holiday banner roll', 'backup napkin ring pouch']
================================================================================

[T1] pattern=preference_eliciting
  hypothesis: items typically kept in the bookshelf
  covered:    []
  Q: What kinds of items do you typically keep in the bookshelf?
  A: I keep upright reading and reference books, fragile display pieces, and delicate drinkware on the bookshelf.
  oracle_receptacle: bookshelf

[T2] pattern=preference_eliciting
  hypothesis: items typically kept in the coffee table
  covered:    []
  Q: What kinds of items do you typically keep in the coffee table?
  A: I keep drinkware, small tabletop accents, and other within-reach items used while seated on the side table.
  oracle_receptacle: side table

[T3] pattern=preference_eliciting
  hypothesis: items typically kept in the TV stand
  covered:    []
  Q: What kinds of items do you typically keep in the TV stand?
  A: I keep small entertainment and personal electronics in the TV stand.
  oracle_receptacle: TV stand

[T4] pattern=preference_eliciting
  hypothesis: items typically kept in the side drawer
  covered:    []
  Q: What kinds of items do you typically keep in the side drawer?
  A: I keep small entertainment and personal electronics in the side drawer.
  oracle_receptacle: side drawer

[T5] pattern=preference_eliciting
  hypothesis: items typically kept in the sofa
  covered:    []
  Q: What kinds of items do you typically keep in the sofa?
  A: I keep durable spare living-room accessories, stored seasonal items, and archived living-room accessories in the storage basket.
  oracle_receptacle: storage basket

[T6] pattern=action_oriented
  Q: Where should the portable e-reader go?
  A: I keep small entertainment and personal electronics in the side drawer.
  oracle_receptacle: side drawer

[EVAL] seen=0.333  unseen=0.333  total=0.333

================================================================================
Episode 2/10  id=episode_5  room=living room
receptacles: ['bookshelf', 'coffee table', 'end table', 'media drawer', 'media console', 'sofa', 'decorative basket']
seen_objects: ['plug-in record player', 'corded floor lamp', 'hardcover travel guide', 'hardcover poetry collection', 'ceramic vase', 'glass candle holder', 'plush ottoman cover', 'cotton lap blanket', 'reading glasses case', 'filled ceramic mug', 'photo album', 'puzzle tin']
unseen_objects: ['wired sound bar', 'plug-in DVD player', 'hardcover atlas', 'leather-bound planner', 'crystal paperweight', 'delicate ceramic sculpture', 'wool throw', 'soft neck pillow', 'filled glass tumbler', 'hot cocoa mug', 'art postcard set', 'jigsaw puzzle case']
================================================================================

[T1] pattern=preference_eliciting
  hypothesis: items typically kept in the media console
  covered:    []
  Q: What kinds of items do you typically keep in the media console?
  A: I keep wired entertainment devices and console equipment like the plug-in record player and corded floor lamp in the media console.
  oracle_receptacle: media console

[T2] pattern=preference_eliciting
  hypothesis: items typically kept in the bookshelf
  covered:    []
  Q: What kinds of items do you typically keep in the bookshelf?
  A: I keep upright reading and reference books, fragile display pieces, and delicate drinkware like the hardcover travel guide, ceramic vase, and glass candle holder in the bookshelf.
  oracle_receptacle: bookshelf

[T3] pattern=preference_eliciting
  hypothesis: items typically kept in the coffee table
  covered:    []
  Q: What kinds of items do you typically keep in the coffee table?
  A: I keep shared tabletop leisure, display, and catchall items like the photo album and puzzle tin in the coffee table.
  oracle_receptacle: coffee table

[T4] pattern=preference_eliciting
  hypothesis: items typically kept in the decorative basket
  covered:    []
  Q: What kinds of items do you typically keep in the decorative basket?
  A: I keep small tabletop accents, decorative items, and other within-reach items used while seated like the ceramic vase and glass candle holder in the decorative basket.
  oracle_receptacle: decorative basket

[T5] pattern=preference_eliciting
  hypothesis: items typically kept in the end table
  covered:    []
  Q: What kinds of items do you typically keep in the end table?
  A: I keep drinkware, small tabletop accents, and other within-reach items used while seated like the filled ceramic mug and reading glasses case in the end table.
  oracle_receptacle: end table

[T6] pattern=preference_eliciting
  hypothesis: items typically kept in the media drawer
  covered:    []
  Q: What kinds of items do you typically keep in the media drawer?
  A: I keep media-related accessories and small, within-reach items like the plug-in record player and filled ceramic mug in the media drawer.
  oracle_receptacle: media drawer

[EVAL] seen=0.667  unseen=0.750  total=0.708

================================================================================
Episode 3/10  id=episode_6  room=living room
receptacles: ['bookshelf', 'coffee table', 'side table', 'side drawer', 'media console', 'sofa', 'storage basket']
seen_objects: ['battery-powered remote', 'wireless speaker', 'wired game console', 'corded reading light', 'plastic tray', 'rubber coaster set', 'cotton lap blanket', 'soft stuffed bear', 'filled ceramic mug', 'sparkling water glass', 'seasonal garland', 'spare coaster pouch']
unseen_objects: ['solar-powered lantern', 'rechargeable projector remote', 'plug-in DVD player', 'corded projector', 'plastic puzzle case', 'foam kneeling pad', 'cotton reading pillow', 'plush fox toy', 'cold juice bottle', 'bud vase of tulips', 'archived brochure bundle', 'stored placemat set']
================================================================================

[T1] pattern=preference_eliciting
  hypothesis: items typically kept in the media console
  covered:    []
  Q: What kinds of items do you typically keep in the media console?
  A: I keep wired entertainment devices and console equipment, like the wired game console and corded reading light, in the media console.
  oracle_receptacle: media console

[T2] pattern=preference_eliciting
  hypothesis: items typically kept in the bookshelf
  covered:    []
  Q: What kinds of items do you typically keep in the bookshelf?
  A: I keep books, small puzzle books, and other reading materials on the bookshelf. Larger reference guides and decorative books also go there.
  oracle_receptacle: bookshelf

[T3] pattern=preference_eliciting
  hypothesis: items typically kept in the coffee table
  covered:    []
  Q: What kinds of items do you typically keep in the coffee table?
  A: I keep drinkware, small tabletop accents, and other within-reach items used while seated on the side table. This includes the sparkling water glass, plastic tray, and rubber coaster set.
  oracle_receptacle: side table

[T4] pattern=preference_eliciting
  hypothesis: items typically kept in the side drawer
  covered:    []
  Q: What kinds of items do you typically keep in the side drawer?
  A: I keep small entertainment and personal electronics, like the battery-powered remote and wireless speaker, in the side drawer.
  oracle_receptacle: side drawer

[T5] pattern=preference_eliciting
  hypothesis: items typically kept in the sofa
  covered:    []
  Q: What kinds of items do you typically keep in the sofa?
  A: I keep cozy lounge textiles and plush comfort items, like the cotton lap blanket and soft stuffed bear, on the sofa.
  oracle_receptacle: sofa

[T6] pattern=preference_eliciting
  hypothesis: items typically kept in the storage basket
  covered:    []
  Q: What kinds of items do you typically keep in the storage basket?
  A: I keep durable spare living-room accessories, like the plastic tray, rubber coaster set, and seasonal garland, in the storage basket. Stored, seasonal, or archived living-room accessories also go there.
  oracle_receptacle: storage basket

[EVAL] seen=0.833  unseen=0.750  total=0.792

================================================================================
Episode 4/10  id=episode_7  room=living room
receptacles: ['display shelf', 'coffee table', 'end table', 'media drawer', 'TV stand', 'sofa', 'decorative basket']
seen_objects: ['wired speaker', 'plug-in media hub', 'hardcover history book', 'leather-bound journal', 'ceramic figurine', 'porcelain trinket dish', 'silicone catchall tray', 'plastic magazine holder', 'woven coaster holder', 'leather catchall', 'spare coaster pouch', 'stored greeting card set']
unseen_objects: ['plug-in diffuser', 'corded charging dock', 'hardcover cookbook', 'rigid-cover photo album', 'porcelain photo frame', 'glass bud vase', 'foam kneeling pad', 'styrofoam craft box', 'wooden bead bowl', 'woven storage mat', 'holiday banner roll', 'backup napkin ring pouch']
================================================================================

[T1] pattern=preference_eliciting
  hypothesis: items typically kept in the display shelf
  covered:    []
  Q: What kinds of items do you typically keep in the display shelf?
  A: I keep display-worthy books and albums, fragile display pieces, and delicate drinkware on the display shelf.
  oracle_receptacle: display shelf

[T2] pattern=preference_eliciting
  hypothesis: items typically kept in the TV stand
  covered:    []
  Q: What kinds of items do you typically keep in the TV stand?
  A: I keep large wired entertainment devices and plug-in media equipment on the TV stand.
  oracle_receptacle: TV stand

[T3] pattern=preference_eliciting
  hypothesis: items typically kept in the coffee table
  covered:    []
  Q: What kinds of items do you typically keep in the coffee table?
  A: I keep shared tabletop leisure, display, and catchall items on the coffee table.
  oracle_receptacle: coffee table

[T4] pattern=preference_eliciting
  hypothesis: items typically kept in the decorative basket
  covered:    []
  Q: What kinds of items do you typically keep in the decorative basket?
  A: I keep durable loose organizers and synthetic living-room accessories in the decorative basket. Small decorative or archived loose living-room items also go there.
  oracle_receptacle: decorative basket

[T5] pattern=preference_eliciting
  hypothesis: items typically kept in the end table
  covered:    []
  Q: What kinds of items do you typically keep in the end table?
  A: I keep shared tabletop leisure, display, and catchall items on the coffee table.
  oracle_receptacle: coffee table

[T6] pattern=preference_eliciting
  hypothesis: items typically kept in the media drawer
  covered:    []
  Q: What kinds of items do you typically keep in the media drawer?
  A: I keep small decorative or archived loose living-room items in the decorative basket. Durable loose organizers and synthetic living-room accessories also go there.
  oracle_receptacle: decorative basket

[EVAL] seen=0.667  unseen=0.583  total=0.625

================================================================================
Episode 5/10  id=episode_38  room=bedroom
receptacles: ['reading shelf', 'bedside table', 'bedside drawer', 'wardrobe shelf', 'laundry hamper', 'vanity tray', 'bed bench']
seen_objects: ['electric sleep mask controller', 'portable reading light', 'leather-bound notebook', 'hardcover novel', 'damp bath towel', 'sleep shirt from last night', 'ceramic candle holder', 'glass perfume bottle', 'travel neck pillow', 'plush bedtime toy', 'wooden keepsake box', 'framed photo']
unseen_objects: ['portable white-noise machine', 'wireless bedside remote', 'hardcover poetry anthology', 'leather-bound agenda', 'worn hoodie', 'sweaty workout top', 'porcelain trinket dish', 'crystal hairpin box', 'quilted bed runner', 'cotton body pillow', 'memory trinket tray', 'bracelet case']
================================================================================

[T1] pattern=preference_eliciting
  hypothesis: items typically kept in the reading shelf
  covered:    ['leather-bound notebook', 'hardcover novel', 'framed photo']
  Q: How do you usually organize reading and reference materials — do they tend to stay in one spot?
  A: I keep current reading materials and sturdy books on the reading shelf — but smaller, more portable books and accessories go on the bedside drawer instead.
  oracle_receptacle: reading shelf

[T2] pattern=preference_eliciting
  hypothesis: items typically kept in the bedside table
  covered:    []
  Q: What kinds of items do you typically keep in the bedside table?
  A: I keep small electronics, light sources, and personal accessories in the bedside drawer — but larger reading books and sturdy references go on the reading shelf instead.
  oracle_receptacle: bedside drawer

[T3] pattern=preference_eliciting
  hypothesis: items typically kept in the wardrobe shelf
  covered:    []
  Q: What kinds of items do you typically keep in the wardrobe shelf?
  A: I keep current reading materials, sturdy books, and decorative items on the wardrobe shelf — but smaller, more portable books and accessories go on the bedside drawer instead.
  oracle_receptacle: wardrobe shelf

[T4] pattern=preference_eliciting
  hypothesis: items typically kept in the laundry hamper
  covered:    []
  Q: What kinds of items do you typically keep in the laundry hamper?
  A: I keep laundry-bound clothing and used soft items in the laundry hamper — but damp bath towels and sleep shirts from last night go there instead.
  oracle_receptacle: laundry hamper

[T5] pattern=preference_eliciting
  hypothesis: items typically kept in the vanity tray
  covered:    []
  Q: What kinds of items do you typically keep in the vanity tray?
  A: I keep fragile keepsakes and grooming-display accessories in the vanity tray — but small personal accessories and keepsakes also go there instead.
  oracle_receptacle: vanity tray

[T6] pattern=preference_eliciting
  hypothesis: items typically kept in the bed bench
  covered:    []
  Q: What kinds of items do you typically keep in the bed bench?
  A: I keep soft, bulky, travel, or overflow bedroom accessories on the bed bench — but items like travel neck pillows and plush bedtime toys specifically go there instead.
  oracle_receptacle: bed bench

[EVAL] seen=0.583  unseen=1.000  total=0.792

================================================================================
Episode 6/10  id=episode_39  room=bedroom
receptacles: ['reading shelf', 'bedside table', 'bedside drawer', 'wardrobe shelf', 'linen hamper', 'dresser top', 'storage bench']
seen_objects: ['portable reading light', 'battery-powered massager', 'clean cotton pajamas', 'folded linen shirt', 'sleep shirt from last night', 'used socks', 'glass perfume bottle', 'ceramic jewelry dish', 'hand lotion', 'sleep journal', 'spare hanger pack', 'off-season scarf set']
unseen_objects: ['solar-powered night light', 'wireless sleep tracker', 'folded shawl', 'fresh sleep shirt', 'used robe', 'worn lounge shorts', 'delicate ceramic bracelet stand', 'glass vanity organizer', 'eye mask', 'herbal tea mug', 'garment pouch', 'stored fabric belt']
================================================================================

[T1] pattern=preference_eliciting
  hypothesis: items typically kept in the reading shelf
  covered:    []
  Q: What kinds of items do you typically keep in the reading shelf?
  A: I keep hardcover novels, art books, and reference guides on the reading shelf — but smaller puzzle books and game accessories go on the center table instead.
  oracle_receptacle: reading shelf

[T2] pattern=preference_eliciting
  hypothesis: items typically kept in the bedside table
  covered:    []
  Q: What kinds of items do you typically keep in the bedside table?
  A: I keep nightly-use items kept within reach while in bed on the bedside table — like hand lotion and the sleep journal. The portable reading light and battery-powered massager go in the bedside drawer instead.
  oracle_receptacle: bedside table

[T3] pattern=preference_eliciting
  hypothesis: items typically kept in the bedside drawer
  covered:    []
  Q: What kinds of items do you typically keep in the bedside drawer?
  A: I keep small bedside electronics and light sources in the bedside drawer — like the portable reading light and battery-powered massager. Ready-to-wear bedroom clothing goes to the wardrobe shelf instead.
  oracle_receptacle: bedside drawer

[T4] pattern=preference_eliciting
  hypothesis: items typically kept in the wardrobe shelf
  covered:    ['clean cotton pajamas', 'folded linen shirt', 'off-season scarf set']
  Q: How do you usually organize soft wearable fabrics and garments — do they tend to stay in one spot?
  A: Soft wearable fabrics and garments tend to stay in one spot — laundry-bound clothing and used soft items go to the linen hamper, while ready-to-wear bedroom clothing goes to the wardrobe shelf. Overflow or bulky items go to the storage bench instead.
  oracle_receptacle: linen hamper

[T5] pattern=preference_eliciting
  hypothesis: items typically kept in the linen hamper
  covered:    []
  Q: What kinds of items do you typically keep in the linen hamper?
  A: I keep laundry-bound clothing and used soft items in the linen hamper — like the sleep shirt from last night and used socks. Ready-to-wear bedroom clothing goes to the wardrobe shelf instead.
  oracle_receptacle: linen hamper

[T6] pattern=preference_eliciting
  hypothesis: items typically kept in the dresser top
  covered:    []
  Q: What kinds of items do you typically keep in the dresser top?
  A: I keep fragile keepsakes and display accessories on the dresser top — like the glass perfume bottle and ceramic jewelry dish. Laundry-bound clothing and used soft items go to the linen hamper instead.
  oracle_receptacle: dresser top

[EVAL] seen=0.833  unseen=0.833  total=0.833

================================================================================
Episode 7/10  id=episode_40  room=bedroom
receptacles: ['reading shelf', 'bedside table', 'bedside drawer', 'closet shelf', 'laundry hamper', 'dresser top', 'bed bench']
seen_objects: ['battery-powered massager', 'rechargeable hand warmer', 'plug-in bedside lamp', 'corded alarm clock', 'rigid-cover photo diary', 'leather-bound notebook', 'ceramic jewelry dish', 'porcelain ring tray', 'hair clip box', 'wooden keepsake box', 'off-season scarf set', 'storage pouch']
unseen_objects: ['battery-powered lint shaver', 'rechargeable beauty mirror', 'plug-in humidifier', 'corded reading lamp', 'encyclopedia volume', 'hardcover recipe journal', 'china keepsake plate', 'glass serum bottle', 'scrunchie tin', 'memory trinket tray', 'spare pajama set', 'packable tote']
================================================================================

[T1] pattern=preference_eliciting
  hypothesis: items typically kept in the bedside table
  covered:    []
  Q: What kinds of items do you typically keep on the bedside table?
  A: I keep small bedside electronics and light sources in the bedside drawer — but plug-in bedside devices used during rest or reading go on the bedside table instead.
  oracle_receptacle: bedside table

[T2] pattern=preference_eliciting
  hypothesis: items typically kept in the reading shelf
  covered:    []
  Q: What kinds of items do you typically keep in the reading shelf?
  A: I keep current reading and sturdy books in the reading shelf.
  oracle_receptacle: reading shelf

[T3] pattern=preference_eliciting
  hypothesis: items typically kept in the bedside drawer
  covered:    []
  Q: What kinds of items do you typically keep in the bedside drawer?
  A: I keep small bedside electronics and light sources in the bedside drawer.
  oracle_receptacle: bedside drawer

[T4] pattern=preference_eliciting
  hypothesis: items typically kept in the closet shelf
  covered:    []
  Q: What kinds of items do you typically keep in the closet shelf?
  A: I keep current reading and sturdy books in the closet shelf — but fragile keepsakes and display accessories go on the dresser top instead.
  oracle_receptacle: closet shelf

[T5] pattern=preference_eliciting
  hypothesis: items typically kept in the laundry hamper
  covered:    []
  Q: What kinds of items do you typically keep in the laundry hamper?
  A: I keep soft, bulky, travel, or overflow bedroom accessories in the laundry hamper.
  oracle_receptacle: laundry hamper

[T6] pattern=preference_eliciting
  hypothesis: items typically kept in the dresser top
  covered:    []
  Q: What kinds of items do you typically keep in the dresser top?
  A: I keep fragile keepsakes and display accessories on the dresser top.
  oracle_receptacle: dresser top

[EVAL] seen=0.833  unseen=0.583  total=0.708

================================================================================
Episode 8/10  id=episode_72  room=kitchen
receptacles: ['dish cabinet', 'base cabinet', 'countertop', 'dry-goods shelf', 'fridge shelf', 'utensil drawer', 'produce basket']
seen_objects: ['plug-in kettle', 'corded blender', 'electric food thermometer', 'wireless recipe tablet', 'plastic food container', 'silicone snack bag', 'tea tin', 'sealed cereal box', 'fresh bananas', 'ripe avocados', 'wooden salad servers', 'bamboo tea scoop']
unseen_objects: ['plug-in waffle maker', 'corded immersion blender', 'electric jar opener', 'rechargeable kitchen scale', 'silicone baking mat', 'plastic condiment bottle', 'cracker box', 'sealed noodle pack', 'whole shallots', 'lime bowl', 'bamboo chopsticks', 'wooden rolling pin handle']
================================================================================

[T1] pattern=preference_eliciting
  hypothesis: items typically kept in the dry-goods shelf
  covered:    ['tea tin', 'sealed cereal box']
  Q: What kinds of items do you typically keep in the dry-goods shelf?
  A: I keep shelf-stable pantry staples and dry goods, like tea tins, sealed cereal boxes, and other non-perishable items, on the dry-goods shelf.
  oracle_receptacle: dry-goods shelf

[T2] pattern=preference_eliciting
  hypothesis: items typically kept in the base cabinet
  covered:    []
  Q: What kinds of items do you typically keep in the base cabinet?
  A: I keep durable food-storage and prep containers, like plastic food containers and silicone snack bags, in the base cabinet.
  oracle_receptacle: base cabinet

[T3] pattern=preference_eliciting
  hypothesis: items typically kept in the countertop
  covered:    []
  Q: What kinds of items do you typically keep in the countertop?
  A: I keep countertop appliances that need power while in use, like the plug-in kettle and corded blender, on the countertop. Small powered kitchen gadgets, including wireless tools, also go there.
  oracle_receptacle: countertop

[T4] pattern=preference_eliciting
  hypothesis: items typically kept in the produce basket
  covered:    ['fresh bananas', 'ripe avocados']
  Q: What kinds of items do you typically keep in the produce basket?
  A: I keep room-temperature produce, like fresh bananas and ripe avocados, in the produce basket.
  oracle_receptacle: produce basket

[T5] pattern=preference_eliciting
  hypothesis: items typically kept in the utensil drawer
  covered:    ['wooden salad servers', 'bamboo tea scoop']
  Q: How do you usually organize kitchen utensils — do they tend to stay in one spot or spread out based on use?
  A: I usually keep kitchen utensils organized in the utensil drawer for small hand-held prep and serving tools, like wooden salad servers and bamboo tea scoops. Larger or less frequently used utensils might stay in the base cabinet or on the countertop depending on their use.
  oracle_receptacle: utensil drawer

[T6] pattern=preference_eliciting
  hypothesis: items typically kept in the dish cabinet
  covered:    []
  Q: What kinds of items do you typically keep in the dish cabinet?
  A: I keep dishware, glassware, and plates in the dish cabinet. Larger serving dishes and bowls also go there, along with any other items that are typically washed and stored in a dedicated dish area.
  oracle_receptacle: dish cabinet

[EVAL] seen=0.833  unseen=0.833  total=0.833

================================================================================
Episode 9/10  id=episode_73  room=kitchen
receptacles: ['dish cabinet', 'lower cabinet', 'prep counter', 'dry-goods shelf', 'refrigerator shelf', 'utensil drawer', 'produce basket']
seen_objects: ['corded blender', 'wired coffee grinder', 'silicone ice tray', 'plastic measuring cup set', 'bag of rice', 'canned tomatoes', 'milk carton', 'cut lemon container', 'ripe avocados', 'whole onions', 'placemat stack', 'tea towel roll']
unseen_objects: ['wired food processor', 'plug-in slow cooker', 'silicone freezer tray', 'rubber-seal leftovers box', 'sealed flour bag', 'canned chickpeas', 'fresh tofu pack', 'fresh herb pack', 'fresh oranges', 'room-temperature peaches', 'cloth bread basket liner', 'bar towel bundle']
================================================================================

[T1] pattern=preference_eliciting
  hypothesis: items typically kept in the refrigerator shelf
  covered:    ['bag of rice', 'canned tomatoes', 'milk carton', 'cut lemon container', 'ripe avocados', 'whole onions']
  Q: How do you usually organize refrigerator and pantry shelf items — do they tend to stay in one spot?
  A: I keep shelf-stable pantry staples and dry goods on the dry-goods shelf, while chilled or opened everyday foods go on the refrigerator shelf. Produce like avocados and onions go in the produce basket, and durable food-storage containers stay in the lower cabinet.
  oracle_receptacle: dry-goods shelf

[T2] pattern=preference_eliciting
  hypothesis: items typically kept in the dish cabinet
  covered:    []
  Q: What kinds of items do you typically keep in the dish cabinet?
  A: I keep dishware like plates, bowls, and cups in the dish cabinet. I also store utensils and small kitchen tools there, but larger tools go in the lower cabinet instead.
  oracle_receptacle: dish cabinet

[T3] pattern=preference_eliciting
  hypothesis: items typically kept in the lower cabinet
  covered:    []
  Q: What kinds of items do you typically keep in the lower cabinet?
  A: I keep durable food-storage and prep containers in the lower cabinet. I also store kitchen linens and cloth utility items there.
  oracle_receptacle: lower cabinet

[T4] pattern=preference_eliciting
  hypothesis: items typically kept in the prep counter
  covered:    []
  Q: What kinds of items do you typically keep in the prep counter?
  A: I keep countertop appliances that need power while in use, like the corded blender and wired coffee grinder, on the prep counter. I also place small prep tools and measuring utensils there.
  oracle_receptacle: prep counter

[T5] pattern=preference_eliciting
  hypothesis: items typically kept in the produce basket
  covered:    []
  Q: What kinds of items do you typically keep in the produce basket?
  A: I keep room-temperature produce like avocados, onions, and other fresh fruits and vegetables in the produce basket. I also place uncut herbs and leafy greens there, but I avoid putting anything that needs refrigeration or has high moisture content in that spot.
  oracle_receptacle: produce basket

[T6] pattern=preference_eliciting
  hypothesis: items typically kept in the utensil drawer
  covered:    []
  Q: What kinds of items do you typically keep in the utensil drawer?
  A: I keep utensils like knives, forks, spoons, and small kitchen tools in the utensil drawer. I also store durable food-storage containers and measuring utensils there, but larger tools go in the lower cabinet instead.
  oracle_receptacle: utensil drawer

[EVAL] seen=0.667  unseen=0.750  total=0.708

================================================================================
Episode 10/10  id=episode_74  room=kitchen
receptacles: ['upper cabinet', 'lower cabinet', 'countertop', 'pantry shelf', 'fridge shelf', 'kitchen drawer', 'fruit basket']
seen_objects: ['porcelain teacup set', 'glass pitcher', 'plastic measuring cup set', 'plastic food container', 'canned tomatoes', 'tea tin', 'cut lemon container', 'opened yogurt tub', 'wooden citrus reamer', 'wooden salad servers', 'cake topper tin', 'serving candle set']
unseen_objects: ['china gravy boat', 'frosted glass canister', 'plastic batter bowl', 'silicone baking mat', 'coffee bean pouch', 'cracker box', 'opened jam jar', 'cheese wedge box', 'wooden spatula', 'bamboo chopsticks', 'festive serving tray', 'celebration cake stand']
================================================================================

[T1] pattern=preference_eliciting
  hypothesis: items typically kept in the upper cabinet
  covered:    []
  Q: What kinds of items do you typically keep in the upper cabinet?
  A: I keep fragile glass, ceramic, and other delicate kitchenware and tableware in the upper cabinet — along with special-occasion serving and display items.
  oracle_receptacle: upper cabinet

[T2] pattern=preference_eliciting
  hypothesis: items typically kept in the lower cabinet
  covered:    []
  Q: What kinds of items do you typically keep in the lower cabinet?
  A: I keep durable food-storage and prep containers in the lower cabinet.
  oracle_receptacle: lower cabinet

[T3] pattern=preference_eliciting
  hypothesis: items typically kept in the countertop
  covered:    []
  Q: What kinds of items do you typically keep in the countertop?
  A: I keep fragile glass, ceramic, and other delicate kitchenware and tableware on the countertop — along with special-occasion serving and display items.
  oracle_receptacle: countertop

[T4] pattern=preference_eliciting
  hypothesis: items typically kept in the pantry shelf
  covered:    []
  Q: What kinds of items do you typically keep in the pantry shelf?
  A: I keep shelf-stable pantry staples and dry goods on the pantry shelf.
  oracle_receptacle: pantry shelf

[T5] pattern=preference_eliciting
  hypothesis: items typically kept in the fridge shelf
  covered:    []
  Q: What kinds of items do you typically keep in the fridge shelf?
  A: I keep chilled or opened everyday foods in the fridge shelf.
  oracle_receptacle: fridge shelf

[T6] pattern=preference_eliciting
  hypothesis: items typically kept in the kitchen drawer
  covered:    []
  Q: What kinds of items do you typically keep in the kitchen drawer?
  A: I keep small hand-held prep and serving tools, especially wooden or bamboo utensils, in the kitchen drawer.
  oracle_receptacle: kitchen drawer

[EVAL] seen=0.583  unseen=0.500  total=0.542

================================================================================
Pattern distribution across all turns:
  preference_eliciting       59  (98.3%)
  action_oriented             1  (1.7%)

Aggregate PSR (n=10, B=6):
  seen_psr    = 0.683 ± 0.051
  unseen_psr  = 0.692 ± 0.061
  total_psr   = 0.687 ± 0.049

Full transcript -> /Users/yuanda/Documents/AskThenRearrange/logs/sim_upf_user_study_run2.jsonl
